#
# There is insufficient memory for the Java Runtime Environment to continue.
# Native memory allocation (mmap) failed to map 100663296 bytes for G1 virtual space
# Possible reasons:
#   The system is out of physical RAM or swap space
#   The process is running with CompressedOops enabled, and the Java Heap may be blocking the growth of the native heap
# Possible solutions:
#   Reduce memory load on the system
#   Increase physical memory or swap space
#   Check if swap backing store is full
#   Decrease Java heap size (-Xmx/-Xms)
#   Decrease number of Java threads
#   Decrease Java thread stack sizes (-Xss)
#   Set larger code cache with -XX:ReservedCodeCacheSize=
#   JVM is running with Unscaled Compressed Oops mode in which the Java heap is
#     placed in the first 4GB address space. The Java Heap base address is the
#     maximum limit for the native heap growth. Please use -XX:HeapBaseMinAddress
#     to set the Java Heap base and to place the Java Heap above 4GB virtual address.
# This output file may be truncated or incomplete.
#
#  Out of Memory Error (os_windows.cpp:3532), pid=9592, tid=5976
#
# JRE version:  (17.0.2+8) (build )
# Java VM: Java HotSpot(TM) 64-Bit Server VM (17.0.2+8-LTS-86, mixed mode, sharing, tiered, compressed oops, compressed class ptrs, g1 gc, windows-amd64)
# No core dump will be written. Minidumps are not enabled by default on client versions of Windows
#

---------------  S U M M A R Y ------------

Command Line: -javaagent:C:\Program Files\JetBrains\IntelliJ IDEA Community Edition 2021.3.2\lib\idea_rt.jar=49212:C:\Program Files\JetBrains\IntelliJ IDEA Community Edition 2021.3.2\bin -Dfile.encoding=UTF-8 betterproject.better

Host: Intel(R) Core(TM) i3-2310M CPU @ 2.10GHz, 4 cores, 5G,  Windows 10 , 64 bit Build 18362 (10.0.18362.1110)
Time: Sun May 15 12:44:25 2022 GTB Summer Time elapsed time: 0.042186 seconds (0d 0h 0m 0s)

---------------  T H R E A D  ---------------

Current thread (0x000001588e603900):  JavaThread "Unknown thread" [_thread_in_vm, id=5976, stack(0x0000000100500000,0x0000000100600000)]

Stack: [0x0000000100500000,0x0000000100600000]
Native frames: (J=compiled Java code, j=interpreted, Vv=VM code, C=native code)
V  [jvm.dll+0x670baa]
V  [jvm.dll+0x7cfcb4]
V  [jvm.dll+0x7d145e]
V  [jvm.dll+0x7d1ac3]
V  [jvm.dll+0x242bc5]
V  [jvm.dll+0x66dac9]
V  [jvm.dll+0x662412]
V  [jvm.dll+0x300c0b]
V  [jvm.dll+0x3081a6]
V  [jvm.dll+0x357d0e]
V  [jvm.dll+0x357f3f]
V  [jvm.dll+0x2d7ec8]
V  [jvm.dll+0x2d8e34]
V  [jvm.dll+0x7a18c1]
V  [jvm.dll+0x365a91]
V  [jvm.dll+0x780d2c]
V  [jvm.dll+0x3e845f]
V  [jvm.dll+0x3e9f01]
C  [jli.dll+0x527b]
C  [ucrtbase.dll+0x210b2]
C  [KERNEL32.DLL+0x17c24]
C  [ntdll.dll+0x6d4d1]


---------------  P R O C E S S  ---------------

Threads class SMR info:
_java_thread_list=0x00007ff900909858, length=0, elements={
}

Java Threads: ( => current thread )

Other Threads:
  0x000001588e63b160 GCTaskThread "GC Thread#0" [stack: 0x0000000100600000,0x0000000100700000] [id=11728]
  0x000001588e649f50 ConcurrentGCThread "G1 Main Marker" [stack: 0x0000000100700000,0x0000000100800000] [id=3136]
  0x000001588e64a870 ConcurrentGCThread "G1 Conc#0" [stack: 0x0000000100800000,0x0000000100900000] [id=12432]

[error occurred during error reporting (printing all threads), id 0xc0000005, EXCEPTION_ACCESS_VIOLATION (0xc0000005) at pc=0x00007ff9001588a7]

VM state: not at safepoint (not fully initialized)

VM Mutex/Monitor currently owned by a thread:  ([mutex/lock_event])
[0x000001588e5ffa60] Heap_lock - owner thread: 0x000001588e603900

Heap address: 0x00000000a0400000, size: 1532 MB, Compressed Oops mode: 32-bit

CDS archive(s) mapped at: [0x0000000000000000-0x0000000000000000-0x0000000000000000), size 0, SharedBaseAddress: 0x0000000800000000, ArchiveRelocationMode: 0.
Narrow klass base: 0x0000000000000000, Narrow klass shift: 0, Narrow klass range: 0x0

GC Precious Log:
<Empty>

Heap:
 garbage-first heap   total 0K, used 0K [0x00000000a0400000, 0x0000000100000000)
  region size 1024K, 0 young (0K), 0 survivors (0K)

[error occurred during error reporting (printing heap information), id 0xc0000005, EXCEPTION_ACCESS_VIOLATION (0xc0000005) at pc=0x00007ff900539f19]

GC Heap History (0 events):
No events

Deoptimization events (0 events):
No events

Classes unloaded (0 events):
No events

Classes redefined (0 events):
No events

Internal exceptions (0 events):
No events

VM Operations (0 events):
No events

Events (1 events):
Event: 0.025 Loaded shared library C:\Program Files\Java\jdk-17.0.2\bin\java.dll


Dynamic libraries:
0x00007ff630220000 - 0x00007ff630230000 	C:\Program Files\Java\jdk-17.0.2\bin\java.exe
0x00007ff927c00000 - 0x00007ff927df0000 	C:\WINDOWS\SYSTEM32\ntdll.dll
0x00007ff926880000 - 0x00007ff926932000 	C:\WINDOWS\System32\KERNEL32.DLL
0x00007ff9258e0000 - 0x00007ff925b85000 	C:\WINDOWS\System32\KERNELBASE.dll
0x00007ff924b70000 - 0x00007ff924c6a000 	C:\WINDOWS\System32\ucrtbase.dll
0x00007ff920d60000 - 0x00007ff920d78000 	C:\Program Files\Java\jdk-17.0.2\bin\jli.dll
0x00007ff927460000 - 0x00007ff927503000 	C:\WINDOWS\System32\ADVAPI32.dll
0x00007ff925f10000 - 0x00007ff925fae000 	C:\WINDOWS\System32\msvcrt.dll
0x00007ff9276f0000 - 0x00007ff927787000 	C:\WINDOWS\System32\sechost.dll
0x00007ff9269a0000 - 0x00007ff926ac0000 	C:\WINDOWS\System32\RPCRT4.dll
0x00007ff926cc0000 - 0x00007ff926e54000 	C:\WINDOWS\System32\USER32.dll
0x00007ff925c20000 - 0x00007ff925c41000 	C:\WINDOWS\System32\win32u.dll
0x00007ff927510000 - 0x00007ff927536000 	C:\WINDOWS\System32\GDI32.dll
0x00007ff924e60000 - 0x00007ff924ff6000 	C:\WINDOWS\System32\gdi32full.dll
0x00007ff924c70000 - 0x00007ff924d0e000 	C:\WINDOWS\System32\msvcp_win.dll
0x00007ff920d40000 - 0x00007ff920d5a000 	C:\Program Files\Java\jdk-17.0.2\bin\VCRUNTIME140.dll
0x00007ff91aa50000 - 0x00007ff91acd4000 	C:\WINDOWS\WinSxS\amd64_microsoft.windows.common-controls_6595b64144ccf1df_6.0.18362.1256_none_9e7e379be45e40e2\COMCTL32.dll
0x00007ff927790000 - 0x00007ff927ac6000 	C:\WINDOWS\System32\combase.dll
0x00007ff925b90000 - 0x00007ff925c11000 	C:\WINDOWS\System32\bcryptPrimitives.dll
0x00007ff91ace0000 - 0x00007ff91acea000 	C:\WINDOWS\SYSTEM32\VERSION.dll
0x00007ff926840000 - 0x00007ff92686e000 	C:\WINDOWS\System32\IMM32.DLL
0x00007ff921760000 - 0x00007ff92176c000 	C:\Program Files\Java\jdk-17.0.2\bin\vcruntime140_1.dll
0x00007ff920370000 - 0x00007ff9203fd000 	C:\Program Files\Java\jdk-17.0.2\bin\msvcp140.dll
0x00007ff8ffe70000 - 0x00007ff900a31000 	C:\Program Files\Java\jdk-17.0.2\bin\server\jvm.dll
0x00007ff927450000 - 0x00007ff927458000 	C:\WINDOWS\System32\PSAPI.DLL
0x00007ff921370000 - 0x00007ff921379000 	C:\WINDOWS\SYSTEM32\WSOCK32.dll
0x00007ff925cb0000 - 0x00007ff925d1f000 	C:\WINDOWS\System32\WS2_32.dll
0x00007ff922b80000 - 0x00007ff922ba4000 	C:\WINDOWS\SYSTEM32\WINMM.dll
0x00007ff921730000 - 0x00007ff92175d000 	C:\WINDOWS\SYSTEM32\WINMMBASE.dll
0x00007ff9257c0000 - 0x00007ff92580a000 	C:\WINDOWS\System32\cfgmgr32.dll
0x00007ff924b50000 - 0x00007ff924b61000 	C:\WINDOWS\System32\kernel.appcore.dll
0x00007ff9213f0000 - 0x00007ff9213fa000 	C:\Program Files\Java\jdk-17.0.2\bin\jimage.dll
0x00007ff911520000 - 0x00007ff911714000 	C:\WINDOWS\SYSTEM32\DBGHELP.DLL
0x00007ff910e60000 - 0x00007ff910e8a000 	C:\WINDOWS\SYSTEM32\dbgcore.DLL
0x00007ff920cc0000 - 0x00007ff920cce000 	C:\Program Files\Java\jdk-17.0.2\bin\instrument.dll
0x00007ff920cd0000 - 0x00007ff920cf5000 	C:\Program Files\Java\jdk-17.0.2\bin\java.dll

dbghelp: loaded successfully - version: 4.0.5 - missing functions: none
symbol engine: initialized successfully - sym options: 0x614 - pdb path: .;C:\Program Files\Java\jdk-17.0.2\bin;C:\WINDOWS\SYSTEM32;C:\WINDOWS\WinSxS\amd64_microsoft.windows.common-controls_6595b64144ccf1df_6.0.18362.1256_none_9e7e379be45e40e2;C:\Program Files\Java\jdk-17.0.2\bin\server

VM Arguments:
jvm_args: -javaagent:C:\Program Files\JetBrains\IntelliJ IDEA Community Edition 2021.3.2\lib\idea_rt.jar=49212:C:\Program Files\JetBrains\IntelliJ IDEA Community Edition 2021.3.2\bin -Dfile.encoding=UTF-8 
java_command: betterproject.better
java_class_path (initial): C:\Users\Mihai\IdeaProjects\Betterprojects\out\production\Betterproject;C:\Program Files\Selenium\lib\async-http-client-2.12.3.jar;C:\Program Files\Selenium\lib\async-http-client-netty-utils-2.12.3.jar;C:\Program Files\Selenium\lib\auto-common-1.2.1.jar;C:\Program Files\Selenium\lib\auto-service-1.0.1.jar;C:\Program Files\Selenium\lib\auto-service-annotations-1.0.1.jar;C:\Program Files\Selenium\lib\byte-buddy-1.12.9.jar;C:\Program Files\Selenium\lib\checker-qual-3.12.0.jar;C:\Program Files\Selenium\lib\commons-exec-1.3.jar;C:\Program Files\Selenium\lib\error_prone_annotations-2.11.0.jar;C:\Program Files\Selenium\lib\failsafe-3.2.3.jar;C:\Program Files\Selenium\lib\failureaccess-1.0.1.jar;C:\Program Files\Selenium\lib\guava-31.1-jre.jar;C:\Program Files\Selenium\lib\j2objc-annotations-1.3.jar;C:\Program Files\Selenium\lib\jakarta.activation-1.2.2.jar;C:\Program Files\Selenium\lib\jcommander-1.82.jar;C:\Program Files\Selenium\lib\jsr305-3.0.2.jar;C:\Program Files\Selenium\lib\jtoml-2.0.0.jar;C:\Program Files\Selenium\lib\netty-buffer-4.1.76.Final.jar;C:\Program Files\Selenium\lib\netty-codec-4.1.76.Final.jar;C:\Program Files\Selenium\lib\netty-codec-http-4.1.76.Final.jar;C:\Program Files\Selenium\lib\netty-codec-socks-4.1.76.Final.jar;C:\Program Files\Selenium\lib\netty-common-4.1.76.Final.jar;C:\Program Files\Selenium\lib\netty-handler-4.1.76.Final.jar;C:\Program Files\Selenium\lib\netty-handler-proxy-4.1.76.Final.jar;C:\Program Files\Selenium\lib\netty-reactive-streams-2.0.4.jar;C:\Program Files\Selenium\lib\netty-resolver-4.1.76.Final.jar;C:\Program Files\Selenium\lib\netty-transport-4.1.76.Final.jar;C:\Program Files\Selenium\lib\netty-transport-classes-epoll-4.1.76.Final.jar;C:\Program Files\Selenium\lib\netty-transport-classes-kqueue-4.1.76.Final.jar;C:\Program Files\Selenium\lib\netty-transport-native-epoll-4.1.76.Final.jar;C:\Program Files\Selenium\lib\netty-transport-native-unix-common-4.1.76.Final.jar;C:\Program Files\Selenium\lib
Launcher Type: SUN_STANDARD

[Global flags]
     intx CICompilerCount                          = 3                                         {product} {ergonomic}
     uint ConcGCThreads                            = 1                                         {product} {ergonomic}
     uint G1ConcRefinementThreads                  = 4                                         {product} {ergonomic}
   size_t G1HeapRegionSize                         = 1048576                                   {product} {ergonomic}
    uintx GCDrainStackTargetSize                   = 64                                        {product} {ergonomic}
   size_t InitialHeapSize                          = 100663296                                 {product} {ergonomic}
   size_t MarkStackSize                            = 4194304                                   {product} {ergonomic}
   size_t MaxHeapSize                              = 1606418432                                {product} {ergonomic}
   size_t MinHeapDeltaBytes                        = 1048576                                   {product} {ergonomic}
   size_t MinHeapSize                              = 8388608                                   {product} {ergonomic}
    uintx NonNMethodCodeHeapSize                   = 5832780                                {pd product} {ergonomic}
    uintx NonProfiledCodeHeapSize                  = 122912730                              {pd product} {ergonomic}
    uintx ProfiledCodeHeapSize                     = 122912730                              {pd product} {ergonomic}
    uintx ReservedCodeCacheSize                    = 251658240                              {pd product} {ergonomic}
     bool SegmentedCodeCache                       = true                                      {product} {ergonomic}
   size_t SoftMaxHeapSize                          = 1606418432                             {manageable} {ergonomic}
     bool UseCompressedClassPointers               = true                           {product lp64_product} {ergonomic}
     bool UseCompressedOops                        = true                           {product lp64_product} {ergonomic}
     bool UseG1GC                                  = true                                      {product} {ergonomic}
     bool UseLargePagesIndividualAllocation        = false                                  {pd product} {ergonomic}

Logging:
Log output configuration:
 #0: stdout all=warning uptime,level,tags
 #1: stderr all=off uptime,level,tags

Environment Variables:
PATH=C:\Program Files\Common Files\Oracle\Java\javapath;C:\Program Files\Common Files\Oracle\Java\javapath\bin;C:\WINDOWS\system32;C:\WINDOWS;C:\WINDOWS\System32\Wbem;C:\WINDOWS\System32\WindowsPowerShell\v1.0\;C:\WINDOWS\System32\OpenSSH\;C:\Program Files\SafeNet\Authentication\SAC\x64;C:\Program Files\SafeNet\Authentication\SAC\x32;C:\Program Files\Java\jdk-17.0.2\bin;C:\Program Files\nodejs\;C:\Program Files\Git\cmd;C:\Users\Mihai\AppData\Local\Microsoft\WindowsApps;;C:\Users\Mihai\AppData\Local\Programs\Microsoft VS Code\bin;C:\Users\Mihai\AppData\Roaming\npm
USERNAME=Mihai
OS=Windows_NT
PROCESSOR_IDENTIFIER=Intel64 Family 6 Model 42 Stepping 7, GenuineIntel



---------------  S Y S T E M  ---------------

OS:
 Windows 10 , 64 bit Build 18362 (10.0.18362.1110)
OS uptime: 0 days 0:46 hours

CPU: total 4 (initial active 4) (2 cores per cpu, 2 threads per core) family 6 model 42 stepping 7 microcode 0x2f, cx8, cmov, fxsr, ht, mmx, sse, sse2, sse3, ssse3, sse4.1, sse4.2, popcnt, tsc, tscinvbit, avx, clmul, vzeroupper, clflush

Memory: 4k page, system-wide physical 6121M (882M free)
TotalPageFile size 6121M (AvailPageFile size 62M)
current process WorkingSet (physical memory assigned to process): 10M, peak: 10M
current process commit charge ("private bytes"): 51M, peak: 147M

vm_info: Java HotSpot(TM) 64-Bit Server VM (17.0.2+8-LTS-86) for windows-amd64 JRE (17.0.2+8-LTS-86), built on Dec  7 2021 21:51:03 by "mach5one" with MS VC++ 16.8 / 16.9 (VS2019)

END.
