#
# There is insufficient memory for the Java Runtime Environment to continue.
# Native memory allocation (mmap) failed to map 65536 bytes for Failed to commit metaspace.
# Possible reasons:
#   The system is out of physical RAM or swap space
#   The process is running with CompressedOops enabled, and the Java Heap may be blocking the growth of the native heap
# Possible solutions:
#   Reduce memory load on the system
#   Increase physical memory or swap space
#   Check if swap backing store is full
#   Decrease Java heap size (-Xmx/-Xms)
#   Decrease number of Java threads
#   Decrease Java thread stack sizes (-Xss)
#   Set larger code cache with -XX:ReservedCodeCacheSize=
#   JVM is running with Unscaled Compressed Oops mode in which the Java heap is
#     placed in the first 4GB address space. The Java Heap base address is the
#     maximum limit for the native heap growth. Please use -XX:HeapBaseMinAddress
#     to set the Java Heap base and to place the Java Heap above 4GB virtual address.
# This output file may be truncated or incomplete.
#
#  Out of Memory Error (virtualSpaceNode.cpp:110), pid=1344, tid=1072
#
# JRE version: Java(TM) SE Runtime Environment (17.0.2+8) (build 17.0.2+8-LTS-86)
# Java VM: Java HotSpot(TM) 64-Bit Server VM (17.0.2+8-LTS-86, mixed mode, sharing, tiered, compressed oops, compressed class ptrs, g1 gc, windows-amd64)
# No core dump will be written. Minidumps are not enabled by default on client versions of Windows
#

---------------  S U M M A R Y ------------

Command Line: -javaagent:C:\Program Files\JetBrains\IntelliJ IDEA Community Edition 2021.3.2\lib\idea_rt.jar=64692:C:\Program Files\JetBrains\IntelliJ IDEA Community Edition 2021.3.2\bin -Dfile.encoding=UTF-8 betterproject.better

Host: Intel(R) Core(TM) i3-2310M CPU @ 2.10GHz, 4 cores, 5G,  Windows 10 , 64 bit Build 18362 (10.0.18362.1110)
Time: Sun May 15 12:29:14 2022 GTB Summer Time elapsed time: 6.861459 seconds (0d 0h 0m 6s)

---------------  T H R E A D  ---------------

Current thread (0x00000230bb0a3de0):  JavaThread "Forwarding newSession on session null to remote" [_thread_in_vm, id=1072, stack(0x0000003a1a400000,0x0000003a1a500000)]

Stack: [0x0000003a1a400000,0x0000003a1a500000]
Native frames: (J=compiled Java code, j=interpreted, Vv=VM code, C=native code)
V  [jvm.dll+0x670baa]
V  [jvm.dll+0x7cfcb4]
V  [jvm.dll+0x7d145e]
V  [jvm.dll+0x7d1ac3]
V  [jvm.dll+0x242bc5]
V  [jvm.dll+0x7cbc5b]
V  [jvm.dll+0x616966]
V  [jvm.dll+0x1be3ee]
V  [jvm.dll+0x6192a1]
V  [jvm.dll+0x617306]
V  [jvm.dll+0x2385a0]
V  [jvm.dll+0x1e880d]
V  [jvm.dll+0x1de251]
V  [jvm.dll+0x537c30]
V  [jvm.dll+0x1eea37]
V  [jvm.dll+0x74a15b]
V  [jvm.dll+0x74b502]
V  [jvm.dll+0x74b838]
V  [jvm.dll+0x23af1e]
V  [jvm.dll+0x23b16f]
V  [jvm.dll+0x5559e3]
V  [jvm.dll+0x557e64]
V  [jvm.dll+0x37eefe]
V  [jvm.dll+0x37e9a2]
C  0x00000230c40b8a1e

Java frames: (J=compiled Java code, j=interpreted, Vv=VM code)
j  java.lang.StackStreamFactory$AbstractStackWalker.checkState(Ljava/lang/StackStreamFactory$WalkerState;)V+57 java.base@17.0.2
j  java.lang.StackStreamFactory$AbstractStackWalker.walk()Ljava/lang/Object;+4 java.base@17.0.2
j  java.lang.StackWalker.walk(Ljava/util/function/Function;)Ljava/lang/Object;+10 java.base@17.0.2
j  java.util.logging.LogRecord$CallerFinder.get()Ljava/util/Optional;+9 java.logging@17.0.2
j  java.util.logging.LogRecord.inferCaller()V+12 java.logging@17.0.2
j  java.util.logging.LogRecord.getSourceClassName()Ljava/lang/String;+8 java.logging@17.0.2
j  java.util.logging.SimpleFormatter.format(Ljava/util/logging/LogRecord;)Ljava/lang/String;+12 java.logging@17.0.2
j  java.util.logging.StreamHandler.publish(Ljava/util/logging/LogRecord;)V+14 java.logging@17.0.2
j  java.util.logging.ConsoleHandler.publish(Ljava/util/logging/LogRecord;)V+2 java.logging@17.0.2
j  java.util.logging.Logger.log(Ljava/util/logging/LogRecord;)V+90 java.logging@17.0.2
j  java.util.logging.Logger.doLog(Ljava/util/logging/LogRecord;)V+46 java.logging@17.0.2
j  java.util.logging.Logger.log(Ljava/util/logging/Level;Ljava/lang/String;)V+21 java.logging@17.0.2
j  java.util.logging.Logger.info(Ljava/lang/String;)V+5 java.logging@17.0.2
j  org.openqa.selenium.remote.ProtocolHandshake.createSession(Lorg/openqa/selenium/remote/http/HttpHandler;Lorg/openqa/selenium/remote/Command;)Lorg/openqa/selenium/remote/ProtocolHandshake$Result;+84
j  org.openqa.selenium.remote.HttpCommandExecutor.execute(Lorg/openqa/selenium/remote/Command;)Lorg/openqa/selenium/remote/Response;+122
j  org.openqa.selenium.remote.service.DriverCommandExecutor.invokeExecute(Lorg/openqa/selenium/remote/Command;)Lorg/openqa/selenium/remote/Response;+2
j  org.openqa.selenium.remote.service.DriverCommandExecutor.execute(Lorg/openqa/selenium/remote/Command;)Lorg/openqa/selenium/remote/Response;+195
j  org.openqa.selenium.remote.RemoteWebDriver.execute(Lorg/openqa/selenium/remote/CommandPayload;)Lorg/openqa/selenium/remote/Response;+76
j  org.openqa.selenium.remote.RemoteWebDriver.startSession(Lorg/openqa/selenium/Capabilities;)V+8
j  org.openqa.selenium.remote.RemoteWebDriver.<init>(Lorg/openqa/selenium/remote/CommandExecutor;Lorg/openqa/selenium/Capabilities;)V+85
j  org.openqa.selenium.chromium.ChromiumDriver.<init>(Lorg/openqa/selenium/remote/CommandExecutor;Lorg/openqa/selenium/Capabilities;Ljava/lang/String;)V+3
j  org.openqa.selenium.chrome.ChromeDriver.<init>(Lorg/openqa/selenium/chrome/ChromeDriverService;Lorg/openqa/selenium/Capabilities;)V+12
j  org.openqa.selenium.chrome.ChromeDriver.<init>(Lorg/openqa/selenium/chrome/ChromeDriverService;Lorg/openqa/selenium/chrome/ChromeOptions;)V+3
j  org.openqa.selenium.chrome.ChromeDriver.<init>()V+11
j  betterproject.better.main([Ljava/lang/String;)V+12
v  ~StubRoutines::call_stub

---------------  P R O C E S S  ---------------

Threads class SMR info:
_java_thread_list=0x00000230db2d9120, length=23, elements={
0x00000230bb0a3de0, 0x00000230d9515f50, 0x00000230d9517dd0, 0x00000230d95290b0,
0x00000230d952a180, 0x00000230d952d3e0, 0x00000230d9532a40, 0x00000230d9535720,
0x00000230d9536d70, 0x00000230d954a6d0, 0x00000230d950c4e0, 0x00000230da429d90,
0x00000230da2d5250, 0x00000230da6c1530, 0x00000230da83e800, 0x00000230dafe6da0,
0x00000230daae5b30, 0x00000230daae6000, 0x00000230db109170, 0x00000230db105680,
0x00000230db104ce0, 0x00000230db105b50, 0x00000230db107830
}

Java Threads: ( => current thread )
=>0x00000230bb0a3de0 JavaThread "Forwarding newSession on session null to remote" [_thread_in_vm, id=1072, stack(0x0000003a1a400000,0x0000003a1a500000)]
  0x00000230d9515f50 JavaThread "Reference Handler" daemon [_thread_blocked, id=9916, stack(0x0000003a1ab00000,0x0000003a1ac00000)]
  0x00000230d9517dd0 JavaThread "Finalizer" daemon [_thread_blocked, id=11148, stack(0x0000003a1ac00000,0x0000003a1ad00000)]
  0x00000230d95290b0 JavaThread "Signal Dispatcher" daemon [_thread_blocked, id=6604, stack(0x0000003a1ad00000,0x0000003a1ae00000)]
  0x00000230d952a180 JavaThread "Attach Listener" daemon [_thread_blocked, id=6692, stack(0x0000003a1ae00000,0x0000003a1af00000)]
  0x00000230d952d3e0 JavaThread "Service Thread" daemon [_thread_blocked, id=7040, stack(0x0000003a1af00000,0x0000003a1b000000)]
  0x00000230d9532a40 JavaThread "Monitor Deflation Thread" daemon [_thread_blocked, id=6992, stack(0x0000003a1b000000,0x0000003a1b100000)]
  0x00000230d9535720 JavaThread "C2 CompilerThread0" daemon [_thread_in_native, id=3588, stack(0x0000003a1b100000,0x0000003a1b200000)]
  0x00000230d9536d70 JavaThread "C1 CompilerThread0" daemon [_thread_blocked, id=11312, stack(0x0000003a1b200000,0x0000003a1b300000)]
  0x00000230d954a6d0 JavaThread "Sweeper thread" daemon [_thread_blocked, id=6416, stack(0x0000003a1b300000,0x0000003a1b400000)]
  0x00000230d950c4e0 JavaThread "Common-Cleaner" daemon [_thread_blocked, id=4756, stack(0x0000003a1b400000,0x0000003a1b500000)]
  0x00000230da429d90 JavaThread "Monitor Ctrl-Break" daemon [_thread_in_native, id=412, stack(0x0000003a1b600000,0x0000003a1b700000)]
  0x00000230da2d5250 JavaThread "Notification Thread" daemon [_thread_blocked, id=5744, stack(0x0000003a1b700000,0x0000003a1b800000)]
  0x00000230da6c1530 JavaThread "ForkJoinPool.commonPool-worker-1" daemon [_thread_blocked, id=3868, stack(0x0000003a1b900000,0x0000003a1ba00000)]
  0x00000230da83e800 JavaThread "AsyncHttpClient-1-1" daemon [_thread_blocked, id=7468, stack(0x0000003a1bd00000,0x0000003a1be00000)]
  0x00000230dafe6da0 JavaThread "Exec Default Executor" daemon [_thread_in_native, id=1684, stack(0x0000003a1b500000,0x0000003a1b600000)]
  0x00000230daae5b30 JavaThread "Driver Service Executor" daemon [_thread_blocked, id=11488, stack(0x0000003a1be00000,0x0000003a1bf00000)]
  0x00000230daae6000 JavaThread "Driver Service Executor" daemon [_thread_blocked, id=1156, stack(0x0000003a1bf00000,0x0000003a1c000000)]
  0x00000230db109170 JavaThread "UrlChecker-2" daemon [_thread_blocked, id=8492, stack(0x0000003a1c000000,0x0000003a1c100000)]
  0x00000230db105680 JavaThread "Exec Stream Pumper" daemon [_thread_in_native, id=1776, stack(0x0000003a1c100000,0x0000003a1c200000)]
  0x00000230db104ce0 JavaThread "Exec Stream Pumper" daemon [_thread_in_native, id=13156, stack(0x0000003a1c200000,0x0000003a1c300000)]
  0x00000230db105b50 JavaThread "Keep-Alive-Timer" daemon [_thread_blocked, id=10408, stack(0x0000003a1c400000,0x0000003a1c500000)]
  0x00000230db107830 JavaThread "AsyncHttpClient-1-2" daemon [_thread_in_native, id=4672, stack(0x0000003a1c500000,0x0000003a1c600000)]

Other Threads:
  0x00000230bb16e390 VMThread "VM Thread" [stack: 0x0000003a1aa00000,0x0000003a1ab00000] [id=7404] _threads_hazard_ptr=0x00000230db2d9120
  0x00000230da3f8450 WatcherThread [stack: 0x0000003a1b800000,0x0000003a1b900000] [id=1940]
  0x00000230bb0db540 GCTaskThread "GC Thread#0" [stack: 0x0000003a1a500000,0x0000003a1a600000] [id=2492]
  0x00000230da6cfd10 GCTaskThread "GC Thread#1" [stack: 0x0000003a1ba00000,0x0000003a1bb00000] [id=6740]
  0x00000230da52a170 GCTaskThread "GC Thread#2" [stack: 0x0000003a1bb00000,0x0000003a1bc00000] [id=2228]
  0x00000230da5255e0 GCTaskThread "GC Thread#3" [stack: 0x0000003a1bc00000,0x0000003a1bd00000] [id=12540]
  0x00000230bb0e9410 ConcurrentGCThread "G1 Main Marker" [stack: 0x0000003a1a600000,0x0000003a1a700000] [id=8344]
  0x00000230bb0e9e20 ConcurrentGCThread "G1 Conc#0" [stack: 0x0000003a1a700000,0x0000003a1a800000] [id=1164]
  0x00000230bb14b0c0 ConcurrentGCThread "G1 Refine#0" [stack: 0x0000003a1a800000,0x0000003a1a900000] [id=2780]
  0x00000230bb14cb60 ConcurrentGCThread "G1 Service" [stack: 0x0000003a1a900000,0x0000003a1aa00000] [id=4028]

Threads with active compile tasks:
C2 CompilerThread0     6958 1615       4       java.io.DataInputStream::readUTF (501 bytes)

VM state: synchronizing (normal execution)

VM Mutex/Monitor currently owned by a thread:  ([mutex/lock_event])
[0x00000230bb09d730] Metaspace_lock - owner thread: 0x00000230bb0a3de0
[0x00000230bb09e8f0] Threads_lock - owner thread: 0x00000230bb16e390

Heap address: 0x00000000a0400000, size: 1532 MB, Compressed Oops mode: 32-bit

CDS archive(s) mapped at: [0x0000000800000000-0x0000000800bc0000-0x0000000800bc0000), size 12320768, SharedBaseAddress: 0x0000000800000000, ArchiveRelocationMode: 0.
Compressed class space mapped at: 0x0000000800c00000-0x0000000840c00000, reserved size: 1073741824
Narrow klass base: 0x0000000800000000, Narrow klass shift: 0, Narrow klass range: 0x100000000

GC Precious Log:
 CPUs: 4 total, 4 available
 Memory: 6121M
 Large Page Support: Disabled
 NUMA Support: Disabled
 Compressed Oops: Enabled (32-bit)
 Heap Region Size: 1M
 Heap Min Capacity: 8M
 Heap Initial Capacity: 96M
 Heap Max Capacity: 1532M
 Pre-touch: Disabled
 Parallel Workers: 4
 Concurrent Workers: 1
 Concurrent Refinement Workers: 4
 Periodic GC: Disabled

Heap:
 garbage-first heap   total 98304K, used 30720K [0x00000000a0400000, 0x0000000100000000)
  region size 1024K, 22 young (22528K), 2 survivors (2048K)
 Metaspace       used 16558K, committed 16768K, reserved 1064960K
  class space    used 2065K, committed 2176K, reserved 1048576K

Heap Regions: E=young(eden), S=young(survivor), O=old, HS=humongous(starts), HC=humongous(continues), CS=collection set, F=free, OA=open archive, CA=closed archive, TAMS=top-at-mark-start (previous, next)
|   0|0x00000000a0400000, 0x00000000a0500000, 0x00000000a0500000|100%| O|  |TAMS 0x00000000a0400000, 0x00000000a0400000| Untracked 
|   1|0x00000000a0500000, 0x00000000a0600000, 0x00000000a0600000|100%| O|  |TAMS 0x00000000a0500000, 0x00000000a0500000| Untracked 
|   2|0x00000000a0600000, 0x00000000a0700000, 0x00000000a0700000|100%| O|  |TAMS 0x00000000a0600000, 0x00000000a0600000| Untracked 
|   3|0x00000000a0700000, 0x00000000a0800000, 0x00000000a0800000|100%| O|  |TAMS 0x00000000a0700000, 0x00000000a0700000| Untracked 
|   4|0x00000000a0800000, 0x00000000a0900000, 0x00000000a0900000|100%|HS|  |TAMS 0x00000000a0800000, 0x00000000a0800000| Complete 
|   5|0x00000000a0900000, 0x00000000a0a00000, 0x00000000a0a00000|100%|HC|  |TAMS 0x00000000a0900000, 0x00000000a0900000| Complete 
|   6|0x00000000a0a00000, 0x00000000a0b00000, 0x00000000a0b00000|100%|HC|  |TAMS 0x00000000a0a00000, 0x00000000a0a00000| Complete 
|   7|0x00000000a0b00000, 0x00000000a0c00000, 0x00000000a0c00000|100%|HC|  |TAMS 0x00000000a0b00000, 0x00000000a0b00000| Complete 
|   8|0x00000000a0c00000, 0x00000000a0d00000, 0x00000000a0d00000|100%|HC|  |TAMS 0x00000000a0c00000, 0x00000000a0c00000| Complete 
|   9|0x00000000a0d00000, 0x00000000a0d00000, 0x00000000a0e00000|  0%| F|  |TAMS 0x00000000a0d00000, 0x00000000a0d00000| Untracked 
|  10|0x00000000a0e00000, 0x00000000a0e00000, 0x00000000a0f00000|  0%| F|  |TAMS 0x00000000a0e00000, 0x00000000a0e00000| Untracked 
|  11|0x00000000a0f00000, 0x00000000a0f00000, 0x00000000a1000000|  0%| F|  |TAMS 0x00000000a0f00000, 0x00000000a0f00000| Untracked 
|  12|0x00000000a1000000, 0x00000000a1000000, 0x00000000a1100000|  0%| F|  |TAMS 0x00000000a1000000, 0x00000000a1000000| Untracked 
|  13|0x00000000a1100000, 0x00000000a1100000, 0x00000000a1200000|  0%| F|  |TAMS 0x00000000a1100000, 0x00000000a1100000| Untracked 
|  14|0x00000000a1200000, 0x00000000a1200000, 0x00000000a1300000|  0%| F|  |TAMS 0x00000000a1200000, 0x00000000a1200000| Untracked 
|  15|0x00000000a1300000, 0x00000000a1300000, 0x00000000a1400000|  0%| F|  |TAMS 0x00000000a1300000, 0x00000000a1300000| Untracked 
|  16|0x00000000a1400000, 0x00000000a1400000, 0x00000000a1500000|  0%| F|  |TAMS 0x00000000a1400000, 0x00000000a1400000| Untracked 
|  17|0x00000000a1500000, 0x00000000a1500000, 0x00000000a1600000|  0%| F|  |TAMS 0x00000000a1500000, 0x00000000a1500000| Untracked 
|  18|0x00000000a1600000, 0x00000000a1600000, 0x00000000a1700000|  0%| F|  |TAMS 0x00000000a1600000, 0x00000000a1600000| Untracked 
|  19|0x00000000a1700000, 0x00000000a1700000, 0x00000000a1800000|  0%| F|  |TAMS 0x00000000a1700000, 0x00000000a1700000| Untracked 
|  20|0x00000000a1800000, 0x00000000a1800000, 0x00000000a1900000|  0%| F|  |TAMS 0x00000000a1800000, 0x00000000a1800000| Untracked 
|  21|0x00000000a1900000, 0x00000000a1900000, 0x00000000a1a00000|  0%| F|  |TAMS 0x00000000a1900000, 0x00000000a1900000| Untracked 
|  22|0x00000000a1a00000, 0x00000000a1a00000, 0x00000000a1b00000|  0%| F|  |TAMS 0x00000000a1a00000, 0x00000000a1a00000| Untracked 
|  23|0x00000000a1b00000, 0x00000000a1b00000, 0x00000000a1c00000|  0%| F|  |TAMS 0x00000000a1b00000, 0x00000000a1b00000| Untracked 
|  24|0x00000000a1c00000, 0x00000000a1c00000, 0x00000000a1d00000|  0%| F|  |TAMS 0x00000000a1c00000, 0x00000000a1c00000| Untracked 
|  25|0x00000000a1d00000, 0x00000000a1d00000, 0x00000000a1e00000|  0%| F|  |TAMS 0x00000000a1d00000, 0x00000000a1d00000| Untracked 
|  26|0x00000000a1e00000, 0x00000000a1e00000, 0x00000000a1f00000|  0%| F|  |TAMS 0x00000000a1e00000, 0x00000000a1e00000| Untracked 
|  27|0x00000000a1f00000, 0x00000000a1f00000, 0x00000000a2000000|  0%| F|  |TAMS 0x00000000a1f00000, 0x00000000a1f00000| Untracked 
|  28|0x00000000a2000000, 0x00000000a2000000, 0x00000000a2100000|  0%| F|  |TAMS 0x00000000a2000000, 0x00000000a2000000| Untracked 
|  29|0x00000000a2100000, 0x00000000a2100000, 0x00000000a2200000|  0%| F|  |TAMS 0x00000000a2100000, 0x00000000a2100000| Untracked 
|  30|0x00000000a2200000, 0x00000000a2200000, 0x00000000a2300000|  0%| F|  |TAMS 0x00000000a2200000, 0x00000000a2200000| Untracked 
|  31|0x00000000a2300000, 0x00000000a2300000, 0x00000000a2400000|  0%| F|  |TAMS 0x00000000a2300000, 0x00000000a2300000| Untracked 
|  32|0x00000000a2400000, 0x00000000a2400000, 0x00000000a2500000|  0%| F|  |TAMS 0x00000000a2400000, 0x00000000a2400000| Untracked 
|  33|0x00000000a2500000, 0x00000000a2500000, 0x00000000a2600000|  0%| F|  |TAMS 0x00000000a2500000, 0x00000000a2500000| Untracked 
|  34|0x00000000a2600000, 0x00000000a2600000, 0x00000000a2700000|  0%| F|  |TAMS 0x00000000a2600000, 0x00000000a2600000| Untracked 
|  35|0x00000000a2700000, 0x00000000a2700000, 0x00000000a2800000|  0%| F|  |TAMS 0x00000000a2700000, 0x00000000a2700000| Untracked 
|  36|0x00000000a2800000, 0x00000000a2800000, 0x00000000a2900000|  0%| F|  |TAMS 0x00000000a2800000, 0x00000000a2800000| Untracked 
|  37|0x00000000a2900000, 0x00000000a2900000, 0x00000000a2a00000|  0%| F|  |TAMS 0x00000000a2900000, 0x00000000a2900000| Untracked 
|  38|0x00000000a2a00000, 0x00000000a2a00000, 0x00000000a2b00000|  0%| F|  |TAMS 0x00000000a2a00000, 0x00000000a2a00000| Untracked 
|  39|0x00000000a2b00000, 0x00000000a2b00000, 0x00000000a2c00000|  0%| F|  |TAMS 0x00000000a2b00000, 0x00000000a2b00000| Untracked 
|  40|0x00000000a2c00000, 0x00000000a2c00000, 0x00000000a2d00000|  0%| F|  |TAMS 0x00000000a2c00000, 0x00000000a2c00000| Untracked 
|  41|0x00000000a2d00000, 0x00000000a2d00000, 0x00000000a2e00000|  0%| F|  |TAMS 0x00000000a2d00000, 0x00000000a2d00000| Untracked 
|  42|0x00000000a2e00000, 0x00000000a2e00000, 0x00000000a2f00000|  0%| F|  |TAMS 0x00000000a2e00000, 0x00000000a2e00000| Untracked 
|  43|0x00000000a2f00000, 0x00000000a2f00000, 0x00000000a3000000|  0%| F|  |TAMS 0x00000000a2f00000, 0x00000000a2f00000| Untracked 
|  44|0x00000000a3000000, 0x00000000a3000000, 0x00000000a3100000|  0%| F|  |TAMS 0x00000000a3000000, 0x00000000a3000000| Untracked 
|  45|0x00000000a3100000, 0x00000000a3100000, 0x00000000a3200000|  0%| F|  |TAMS 0x00000000a3100000, 0x00000000a3100000| Untracked 
|  46|0x00000000a3200000, 0x00000000a3200000, 0x00000000a3300000|  0%| F|  |TAMS 0x00000000a3200000, 0x00000000a3200000| Untracked 
|  47|0x00000000a3300000, 0x00000000a3300000, 0x00000000a3400000|  0%| F|  |TAMS 0x00000000a3300000, 0x00000000a3300000| Untracked 
|  48|0x00000000a3400000, 0x00000000a3400000, 0x00000000a3500000|  0%| F|  |TAMS 0x00000000a3400000, 0x00000000a3400000| Untracked 
|  49|0x00000000a3500000, 0x00000000a3500000, 0x00000000a3600000|  0%| F|  |TAMS 0x00000000a3500000, 0x00000000a3500000| Untracked 
|  50|0x00000000a3600000, 0x00000000a3600000, 0x00000000a3700000|  0%| F|  |TAMS 0x00000000a3600000, 0x00000000a3600000| Untracked 
|  51|0x00000000a3700000, 0x00000000a3700000, 0x00000000a3800000|  0%| F|  |TAMS 0x00000000a3700000, 0x00000000a3700000| Untracked 
|  52|0x00000000a3800000, 0x00000000a3800000, 0x00000000a3900000|  0%| F|  |TAMS 0x00000000a3800000, 0x00000000a3800000| Untracked 
|  53|0x00000000a3900000, 0x00000000a3900000, 0x00000000a3a00000|  0%| F|  |TAMS 0x00000000a3900000, 0x00000000a3900000| Untracked 
|  54|0x00000000a3a00000, 0x00000000a3a00000, 0x00000000a3b00000|  0%| F|  |TAMS 0x00000000a3a00000, 0x00000000a3a00000| Untracked 
|  55|0x00000000a3b00000, 0x00000000a3b00000, 0x00000000a3c00000|  0%| F|  |TAMS 0x00000000a3b00000, 0x00000000a3b00000| Untracked 
|  56|0x00000000a3c00000, 0x00000000a3c00000, 0x00000000a3d00000|  0%| F|  |TAMS 0x00000000a3c00000, 0x00000000a3c00000| Untracked 
|  57|0x00000000a3d00000, 0x00000000a3d00000, 0x00000000a3e00000|  0%| F|  |TAMS 0x00000000a3d00000, 0x00000000a3d00000| Untracked 
|  58|0x00000000a3e00000, 0x00000000a3e00000, 0x00000000a3f00000|  0%| F|  |TAMS 0x00000000a3e00000, 0x00000000a3e00000| Untracked 
|  59|0x00000000a3f00000, 0x00000000a3f00000, 0x00000000a4000000|  0%| F|  |TAMS 0x00000000a3f00000, 0x00000000a3f00000| Untracked 
|  60|0x00000000a4000000, 0x00000000a4000000, 0x00000000a4100000|  0%| F|  |TAMS 0x00000000a4000000, 0x00000000a4000000| Untracked 
|  61|0x00000000a4100000, 0x00000000a4100000, 0x00000000a4200000|  0%| F|  |TAMS 0x00000000a4100000, 0x00000000a4100000| Untracked 
|  62|0x00000000a4200000, 0x00000000a4200000, 0x00000000a4300000|  0%| F|  |TAMS 0x00000000a4200000, 0x00000000a4200000| Untracked 
|  63|0x00000000a4300000, 0x00000000a4300000, 0x00000000a4400000|  0%| F|  |TAMS 0x00000000a4300000, 0x00000000a4300000| Untracked 
|  64|0x00000000a4400000, 0x00000000a4400000, 0x00000000a4500000|  0%| F|  |TAMS 0x00000000a4400000, 0x00000000a4400000| Untracked 
|  65|0x00000000a4500000, 0x00000000a4500000, 0x00000000a4600000|  0%| F|  |TAMS 0x00000000a4500000, 0x00000000a4500000| Untracked 
|  66|0x00000000a4600000, 0x00000000a4600000, 0x00000000a4700000|  0%| F|  |TAMS 0x00000000a4600000, 0x00000000a4600000| Untracked 
|  67|0x00000000a4700000, 0x00000000a4700000, 0x00000000a4800000|  0%| F|  |TAMS 0x00000000a4700000, 0x00000000a4700000| Untracked 
|  68|0x00000000a4800000, 0x00000000a4800000, 0x00000000a4900000|  0%| F|  |TAMS 0x00000000a4800000, 0x00000000a4800000| Untracked 
|  69|0x00000000a4900000, 0x00000000a4900000, 0x00000000a4a00000|  0%| F|  |TAMS 0x00000000a4900000, 0x00000000a4900000| Untracked 
|  70|0x00000000a4a00000, 0x00000000a4a00000, 0x00000000a4b00000|  0%| F|  |TAMS 0x00000000a4a00000, 0x00000000a4a00000| Untracked 
|  71|0x00000000a4b00000, 0x00000000a4b00000, 0x00000000a4c00000|  0%| F|  |TAMS 0x00000000a4b00000, 0x00000000a4b00000| Untracked 
|  72|0x00000000a4c00000, 0x00000000a4c00000, 0x00000000a4d00000|  0%| F|  |TAMS 0x00000000a4c00000, 0x00000000a4c00000| Untracked 
|  73|0x00000000a4d00000, 0x00000000a4d00000, 0x00000000a4e00000|  0%| F|  |TAMS 0x00000000a4d00000, 0x00000000a4d00000| Untracked 
|  74|0x00000000a4e00000, 0x00000000a4eca8c0, 0x00000000a4f00000| 79%| E|  |TAMS 0x00000000a4e00000, 0x00000000a4e00000| Complete 
|  75|0x00000000a4f00000, 0x00000000a5000000, 0x00000000a5000000|100%| E|CS|TAMS 0x00000000a4f00000, 0x00000000a4f00000| Complete 
|  76|0x00000000a5000000, 0x00000000a5100000, 0x00000000a5100000|100%| E|CS|TAMS 0x00000000a5000000, 0x00000000a5000000| Complete 
|  77|0x00000000a5100000, 0x00000000a5200000, 0x00000000a5200000|100%| E|CS|TAMS 0x00000000a5100000, 0x00000000a5100000| Complete 
|  78|0x00000000a5200000, 0x00000000a5300000, 0x00000000a5300000|100%| E|CS|TAMS 0x00000000a5200000, 0x00000000a5200000| Complete 
|  79|0x00000000a5300000, 0x00000000a5400000, 0x00000000a5400000|100%| E|CS|TAMS 0x00000000a5300000, 0x00000000a5300000| Complete 
|  80|0x00000000a5400000, 0x00000000a5500000, 0x00000000a5500000|100%| E|CS|TAMS 0x00000000a5400000, 0x00000000a5400000| Complete 
|  81|0x00000000a5500000, 0x00000000a5600000, 0x00000000a5600000|100%| E|CS|TAMS 0x00000000a5500000, 0x00000000a5500000| Complete 
|  82|0x00000000a5600000, 0x00000000a5700000, 0x00000000a5700000|100%| E|CS|TAMS 0x00000000a5600000, 0x00000000a5600000| Complete 
|  83|0x00000000a5700000, 0x00000000a5800000, 0x00000000a5800000|100%| S|CS|TAMS 0x00000000a5700000, 0x00000000a5700000| Complete 
|  84|0x00000000a5800000, 0x00000000a5900000, 0x00000000a5900000|100%| S|CS|TAMS 0x00000000a5800000, 0x00000000a5800000| Complete 
|  85|0x00000000a5900000, 0x00000000a5a00000, 0x00000000a5a00000|100%| E|CS|TAMS 0x00000000a5900000, 0x00000000a5900000| Complete 
|  86|0x00000000a5a00000, 0x00000000a5b00000, 0x00000000a5b00000|100%| E|CS|TAMS 0x00000000a5a00000, 0x00000000a5a00000| Complete 
|  87|0x00000000a5b00000, 0x00000000a5c00000, 0x00000000a5c00000|100%| E|CS|TAMS 0x00000000a5b00000, 0x00000000a5b00000| Complete 
|  88|0x00000000a5c00000, 0x00000000a5d00000, 0x00000000a5d00000|100%| E|CS|TAMS 0x00000000a5c00000, 0x00000000a5c00000| Complete 
|  89|0x00000000a5d00000, 0x00000000a5e00000, 0x00000000a5e00000|100%| E|CS|TAMS 0x00000000a5d00000, 0x00000000a5d00000| Complete 
|  90|0x00000000a5e00000, 0x00000000a5f00000, 0x00000000a5f00000|100%| E|CS|TAMS 0x00000000a5e00000, 0x00000000a5e00000| Complete 
|  91|0x00000000a5f00000, 0x00000000a6000000, 0x00000000a6000000|100%| E|CS|TAMS 0x00000000a5f00000, 0x00000000a5f00000| Complete 
|  92|0x00000000a6000000, 0x00000000a6100000, 0x00000000a6100000|100%| E|CS|TAMS 0x00000000a6000000, 0x00000000a6000000| Complete 
|  93|0x00000000a6100000, 0x00000000a6200000, 0x00000000a6200000|100%| E|CS|TAMS 0x00000000a6100000, 0x00000000a6100000| Complete 
|  94|0x00000000a6200000, 0x00000000a6300000, 0x00000000a6300000|100%| E|CS|TAMS 0x00000000a6200000, 0x00000000a6200000| Complete 
|  95|0x00000000a6300000, 0x00000000a6400000, 0x00000000a6400000|100%| E|CS|TAMS 0x00000000a6300000, 0x00000000a6300000| Complete 

Card table byte_map: [0x00000230d39d0000,0x00000230d3cd0000] _byte_map_base: 0x00000230d34ce000

Marking Bits (Prev, Next): (CMBitMap*) 0x00000230bb0dcb60, (CMBitMap*) 0x00000230bb0dcba0
 Prev Bits: [0x00000230d3fd0000, 0x00000230d57c0000)
 Next Bits: [0x00000230d57c0000, 0x00000230d6fb0000)

Polling page: 0x00000230baed0000

Metaspace:

Usage:
  Non-class:     14.15 MB used.
      Class:      2.02 MB used.
       Both:     16.17 MB used.

Virtual space:
  Non-class space:       16.00 MB reserved,      14.25 MB ( 89%) committed,  2 nodes.
      Class space:        1.00 GB reserved,       2.13 MB ( <1%) committed,  1 nodes.
             Both:        1.02 GB reserved,      16.38 MB (  2%) committed. 

Chunk freelists:
   Non-Class:  814.00 KB
       Class:  1.88 MB
        Both:  2.67 MB

MaxMetaspaceSize: unlimited
CompressedClassSpaceSize: 1.00 GB
Initial GC threshold: 21.00 MB
Current GC threshold: 21.00 MB
CDS: on
MetaspaceReclaimPolicy: balanced
 - commit_granule_bytes: 65536.
 - commit_granule_words: 8192.
 - virtual_space_node_default_size: 1048576.
 - enlarge_chunks_in_place: 1.
 - new_chunks_are_fully_committed: 0.
 - uncommit_free_chunks: 1.
 - use_allocation_guard: 0.
 - handle_deallocations: 1.


Internal statistics:

num_allocs_failed_limit: 0.
num_arena_births: 126.
num_arena_deaths: 0.
num_vsnodes_births: 3.
num_vsnodes_deaths: 0.
num_space_committed: 262.
num_space_uncommitted: 0.
num_chunks_returned_to_freelist: 0.
num_chunks_taken_from_freelist: 514.
num_chunk_merges: 0.
num_chunk_splits: 352.
num_chunks_enlarged: 285.
num_purges: 0.
num_inconsistent_stats: 0.

CodeHeap 'non-profiled nmethods': size=120000Kb used=589Kb max_used=589Kb free=119410Kb
 bounds [0x00000230cbb70000, 0x00000230cbde0000, 0x00000230d30a0000]
CodeHeap 'profiled nmethods': size=120000Kb used=3156Kb max_used=3156Kb free=116843Kb
 bounds [0x00000230c4640000, 0x00000230c4960000, 0x00000230cbb70000]
CodeHeap 'non-nmethods': size=5760Kb used=1254Kb max_used=1261Kb free=4506Kb
 bounds [0x00000230c40a0000, 0x00000230c4310000, 0x00000230c4640000]
 total_blobs=2182 nmethods=1624 adapters=470
 compilation: enabled
              stopped_count=0, restarted_count=0
 full_count=0

Compilation events (20 events):
Event: 6.833 Thread 0x00000230d9536d70 1619       3       java.util.concurrent.ConcurrentHashMap$KeyIterator::next (34 bytes)
Event: 6.834 Thread 0x00000230d9536d70 nmethod 1619 0x00000230c4953190 code [0x00000230c4953340, 0x00000230c49535f8]
Event: 6.837 Thread 0x00000230d9536d70 1620       3       java.io.DataInputStream::readByte (23 bytes)
Event: 6.837 Thread 0x00000230d9536d70 nmethod 1620 0x00000230c4953710 code [0x00000230c49538c0, 0x00000230c4953bb8]
Event: 6.843 Thread 0x00000230d9536d70 1621       1       java.time.temporal.ValueRange::getMinimum (5 bytes)
Event: 6.843 Thread 0x00000230d9536d70 nmethod 1621 0x00000230cbc02890 code [0x00000230cbc02a20, 0x00000230cbc02af8]
Event: 6.843 Thread 0x00000230d9536d70 1622       1       java.time.temporal.ValueRange::getMaximum (5 bytes)
Event: 6.844 Thread 0x00000230d9536d70 nmethod 1622 0x00000230cbc02b90 code [0x00000230cbc02d20, 0x00000230cbc02df8]
Event: 6.844 Thread 0x00000230d9536d70 1623       1       java.time.temporal.ChronoField::range (5 bytes)
Event: 6.844 Thread 0x00000230d9536d70 nmethod 1623 0x00000230cbc02e90 code [0x00000230cbc03020, 0x00000230cbc030f8]
Event: 6.844 Thread 0x00000230d9536d70 1625       3       java.time.temporal.ValueRange::isValidValue (24 bytes)
Event: 6.845 Thread 0x00000230d9536d70 nmethod 1625 0x00000230c4953d10 code [0x00000230c4953ea0, 0x00000230c4954078]
Event: 6.845 Thread 0x00000230d9536d70 1624       1       java.time.ZoneOffset::getTotalSeconds (5 bytes)
Event: 6.845 Thread 0x00000230d9536d70 nmethod 1624 0x00000230cbc03190 code [0x00000230cbc03320, 0x00000230cbc033f8]
Event: 6.853 Thread 0x00000230d9536d70 1627       3       jdk.internal.org.objectweb.asm.ClassWriter::visitField (53 bytes)
Event: 6.854 Thread 0x00000230d9536d70 nmethod 1627 0x00000230c4954110 code [0x00000230c49542c0, 0x00000230c4954628]
Event: 6.854 Thread 0x00000230d9536d70 1628       3       jdk.internal.org.objectweb.asm.FieldWriter::<init> (69 bytes)
Event: 6.856 Thread 0x00000230d9536d70 nmethod 1628 0x00000230c4954790 code [0x00000230c4954980, 0x00000230c4954d48]
Event: 6.856 Thread 0x00000230d9536d70 1629       3       jdk.internal.org.objectweb.asm.FieldVisitor::<init> (7 bytes)
Event: 6.856 Thread 0x00000230d9536d70 nmethod 1629 0x00000230c4954f90 code [0x00000230c4955140, 0x00000230c4955288]

GC Heap History (4 events):
Event: 1.753 GC heap before
{Heap before GC invocations=0 (full 0):
 garbage-first heap   total 98304K, used 12288K [0x00000000a0400000, 0x0000000100000000)
  region size 1024K, 13 young (13312K), 0 survivors (0K)
 Metaspace       used 3886K, committed 4032K, reserved 1056768K
  class space    used 448K, committed 512K, reserved 1048576K
}
Event: 1.768 GC heap after
{Heap after GC invocations=1 (full 0):
 garbage-first heap   total 98304K, used 4022K [0x00000000a0400000, 0x0000000100000000)
  region size 1024K, 2 young (2048K), 2 survivors (2048K)
 Metaspace       used 3886K, committed 4032K, reserved 1056768K
  class space    used 448K, committed 512K, reserved 1048576K
}
Event: 3.201 GC heap before
{Heap before GC invocations=1 (full 0):
 garbage-first heap   total 98304K, used 15286K [0x00000000a0400000, 0x0000000100000000)
  region size 1024K, 13 young (13312K), 2 survivors (2048K)
 Metaspace       used 9893K, committed 10048K, reserved 1064960K
  class space    used 1127K, committed 1216K, reserved 1048576K
}
Event: 3.219 GC heap after
{Heap after GC invocations=2 (full 0):
 garbage-first heap   total 98304K, used 6144K [0x00000000a0400000, 0x0000000100000000)
  region size 1024K, 2 young (2048K), 2 survivors (2048K)
 Metaspace       used 9893K, committed 10048K, reserved 1064960K
  class space    used 1127K, committed 1216K, reserved 1048576K
}

Deoptimization events (20 events):
Event: 4.261 Thread 0x00000230bb0a3de0 DEOPT PACKING pc=0x00000230c4899dc1 sp=0x0000003a1a4fd310
Event: 4.261 Thread 0x00000230bb0a3de0 DEOPT UNPACKING pc=0x00000230c40f2b43 sp=0x0000003a1a4fc820 mode 0
Event: 4.960 Thread 0x00000230db107830 Uncommon trap: trap_request=0xffffffde fr.pc=0x00000230cbbc3a94 relative=0x00000000000009f4
Event: 4.960 Thread 0x00000230db107830 Uncommon trap: reason=class_check action=maybe_recompile pc=0x00000230cbbc3a94 method=java.util.HashMap.putVal(ILjava/lang/Object;Ljava/lang/Object;ZZ)Ljava/lang/Object; @ 91 c2
Event: 4.960 Thread 0x00000230db107830 DEOPT PACKING pc=0x00000230cbbc3a94 sp=0x0000003a1c5feb80
Event: 4.960 Thread 0x00000230db107830 DEOPT UNPACKING pc=0x00000230c40f23a3 sp=0x0000003a1c5feb20 mode 2
Event: 4.960 Thread 0x00000230db107830 Uncommon trap: trap_request=0xffffffde fr.pc=0x00000230cbbc3a94 relative=0x00000000000009f4
Event: 4.960 Thread 0x00000230db107830 Uncommon trap: reason=class_check action=maybe_recompile pc=0x00000230cbbc3a94 method=java.util.HashMap.putVal(ILjava/lang/Object;Ljava/lang/Object;ZZ)Ljava/lang/Object; @ 91 c2
Event: 4.960 Thread 0x00000230db107830 DEOPT PACKING pc=0x00000230cbbc3a94 sp=0x0000003a1c5feb80
Event: 4.960 Thread 0x00000230db107830 DEOPT UNPACKING pc=0x00000230c40f23a3 sp=0x0000003a1c5feb20 mode 2
Event: 6.770 Thread 0x00000230bb0a3de0 DEOPT PACKING pc=0x00000230c46ff6ac sp=0x0000003a1a4fec70
Event: 6.770 Thread 0x00000230bb0a3de0 DEOPT UNPACKING pc=0x00000230c40f2b43 sp=0x0000003a1a4fe120 mode 0
Event: 6.813 Thread 0x00000230bb0a3de0 Uncommon trap: trap_request=0xffffffde fr.pc=0x00000230cbbc351c relative=0x000000000000047c
Event: 6.813 Thread 0x00000230bb0a3de0 Uncommon trap: reason=class_check action=maybe_recompile pc=0x00000230cbbc351c method=java.util.HashMap.putVal(ILjava/lang/Object;Ljava/lang/Object;ZZ)Ljava/lang/Object; @ 253 c2
Event: 6.813 Thread 0x00000230bb0a3de0 DEOPT PACKING pc=0x00000230cbbc351c sp=0x0000003a1a4fe680
Event: 6.813 Thread 0x00000230bb0a3de0 DEOPT UNPACKING pc=0x00000230c40f23a3 sp=0x0000003a1a4fe620 mode 2
Event: 6.844 Thread 0x00000230bb0a3de0 Uncommon trap: trap_request=0xffffff45 fr.pc=0x00000230cbbbfc90 relative=0x0000000000000ef0
Event: 6.844 Thread 0x00000230bb0a3de0 Uncommon trap: reason=unstable_if action=reinterpret pc=0x00000230cbbbfc90 method=java.util.concurrent.ConcurrentHashMap.putVal(Ljava/lang/Object;Ljava/lang/Object;Z)Ljava/lang/Object; @ 256 c2
Event: 6.844 Thread 0x00000230bb0a3de0 DEOPT PACKING pc=0x00000230cbbbfc90 sp=0x0000003a1a4fe710
Event: 6.844 Thread 0x00000230bb0a3de0 DEOPT UNPACKING pc=0x00000230c40f23a3 sp=0x0000003a1a4fe688 mode 2

Classes unloaded (0 events):
No events

Classes redefined (0 events):
No events

Internal exceptions (20 events):
Event: 3.747 Thread 0x00000230db109170 Exception <a 'java/net/SocketException'{0x00000000a5d74660}: Socket is not connected: shutdown> (0x00000000a5d74660) 
thrown [t:\workspace\open\src\hotspot\share\prims\jni.cpp, line 535]
Event: 3.759 Thread 0x00000230db109170 Exception <a 'java/net/ConnectException'{0x00000000a5d756c8}: Connection refused: no further information> (0x00000000a5d756c8) 
thrown [t:\workspace\open\src\hotspot\share\prims\jni.cpp, line 535]
Event: 3.759 Thread 0x00000230db109170 Exception <a 'java/net/SocketException'{0x00000000a5d75a00}: Socket is not connected: shutdown> (0x00000000a5d75a00) 
thrown [t:\workspace\open\src\hotspot\share\prims\jni.cpp, line 535]
Event: 3.781 Thread 0x00000230db109170 Exception <a 'java/net/ConnectException'{0x00000000a5d76998}: Connection refused: no further information> (0x00000000a5d76998) 
thrown [t:\workspace\open\src\hotspot\share\prims\jni.cpp, line 535]
Event: 3.782 Thread 0x00000230db109170 Exception <a 'java/net/SocketException'{0x00000000a5d76cd0}: Socket is not connected: shutdown> (0x00000000a5d76cd0) 
thrown [t:\workspace\open\src\hotspot\share\prims\jni.cpp, line 535]
Event: 3.823 Thread 0x00000230db109170 Exception <a 'java/net/ConnectException'{0x00000000a5d77c68}: Connection refused: no further information> (0x00000000a5d77c68) 
thrown [t:\workspace\open\src\hotspot\share\prims\jni.cpp, line 535]
Event: 3.823 Thread 0x00000230db109170 Exception <a 'java/net/SocketException'{0x00000000a5d77fa0}: Socket is not connected: shutdown> (0x00000000a5d77fa0) 
thrown [t:\workspace\open\src\hotspot\share\prims\jni.cpp, line 535]
Event: 3.957 Thread 0x00000230bb0a3de0 Exception <a 'java/lang/NoSuchMethodError'{0x00000000a5c3d658}: 'int java.lang.invoke.DirectMethodHandle$Holder.invokeVirtual(java.lang.Object, java.lang.Object)'> (0x00000000a5c3d658) 
thrown [t:\workspace\open\src\hotspot\share\interpreter\linkResolver.cpp, line 766]
Event: 3.959 Thread 0x00000230bb0a3de0 Exception <a 'java/lang/NoSuchMethodError'{0x00000000a5c43b78}: 'double java.lang.invoke.DirectMethodHandle$Holder.invokeVirtual(java.lang.Object, java.lang.Object)'> (0x00000000a5c43b78) 
thrown [t:\workspace\open\src\hotspot\share\interpreter\linkResolver.cpp, line 766]
Event: 3.962 Thread 0x00000230bb0a3de0 Exception <a 'java/lang/NoSuchMethodError'{0x00000000a5c4a320}: 'float java.lang.invoke.DirectMethodHandle$Holder.invokeVirtual(java.lang.Object, java.lang.Object)'> (0x00000000a5c4a320) 
thrown [t:\workspace\open\src\hotspot\share\interpreter\linkResolver.cpp, line 766]
Event: 3.965 Thread 0x00000230bb0a3de0 Exception <a 'java/lang/NoSuchMethodError'{0x00000000a5c534b0}: 'long java.lang.invoke.DirectMethodHandle$Holder.invokeVirtual(java.lang.Object, java.lang.Object)'> (0x00000000a5c534b0) 
thrown [t:\workspace\open\src\hotspot\share\interpreter\linkResolver.cpp, line 766]
Event: 4.140 Thread 0x00000230bb0a3de0 Exception <a 'java/lang/NoSuchMethodError'{0x00000000a5ba35d0}: 'void java.lang.invoke.DirectMethodHandle$Holder.invokeSpecial(java.lang.Object, java.lang.Object, java.lang.Object, java.lang.Object, java.lang.Object)'> (0x00000000a5ba35d0) 
thrown [t:\workspace\open\src\hotspot\share\interpreter\linkResolver.cpp, line 766]
Event: 4.143 Thread 0x00000230bb0a3de0 Exception <a 'java/lang/NoSuchMethodError'{0x00000000a5baa5b0}: 'void java.lang.invoke.DirectMethodHandle$Holder.invokeStatic(java.lang.Object, java.lang.Object, int)'> (0x00000000a5baa5b0) 
thrown [t:\workspace\open\src\hotspot\share\interpreter\linkResolver.cpp, line 766]
Event: 4.197 Thread 0x00000230bb0a3de0 Exception <a 'java/lang/NoSuchMethodError'{0x00000000a5a58628}: 'java.lang.Object java.lang.invoke.DirectMethodHandle$Holder.newInvokeSpecial(java.lang.Object, java.lang.Object, java.lang.Object, java.lang.Object, java.lang.Object)'> (0x00000000a5a58628) 
thrown [t:\workspace\open\src\hotspot\share\interpreter\linkResolver.cpp, line 766]
Event: 4.269 Thread 0x00000230bb0a3de0 Exception <a 'java/lang/NoSuchMethodError'{0x00000000a5923d20}: 'int java.lang.invoke.DirectMethodHandle$Holder.invokeSpecialIFC(java.lang.Object, java.lang.Object, java.lang.Object)'> (0x00000000a5923d20) 
thrown [t:\workspace\open\src\hotspot\share\interpreter\linkResolver.cpp, line 766]
Event: 4.330 Thread 0x00000230bb0a3de0 Exception <a 'java/lang/NoSuchMethodError'{0x00000000a5604228}: 'void java.lang.invoke.DirectMethodHandle$Holder.invokeStatic(java.lang.Object, java.lang.Object, java.lang.Object, java.lang.Object)'> (0x00000000a5604228) 
thrown [t:\workspace\open\src\hotspot\share\interpreter\linkResolver.cpp, line 766]
Event: 4.462 Thread 0x00000230bb0a3de0 Exception <a 'java/lang/NoSuchMethodError'{0x00000000a559f660}: 'void java.lang.invoke.DirectMethodHandle$Holder.invokeSpecial(java.lang.Object, java.lang.Object, java.lang.Object, java.lang.Object, java.lang.Object, java.lang.Object)'> (0x00000000a559f660) 
thrown [t:\workspace\open\src\hotspot\share\interpreter\linkResolver.cpp, line 766]
Event: 6.786 Thread 0x00000230bb0a3de0 Exception <a 'java/lang/NoSuchMethodError'{0x00000000a4e14d68}: 'java.lang.Object java.lang.invoke.DirectMethodHandle$Holder.invokeSpecialIFC(java.lang.Object, java.lang.Object, java.lang.Object)'> (0x00000000a4e14d68) 
thrown [t:\workspace\open\src\hotspot\share\interpreter\linkResolver.cpp, line 766]
Event: 6.802 Thread 0x00000230bb0a3de0 Exception <a 'java/lang/NoSuchMethodError'{0x00000000a4e3fc08}: 'void java.lang.invoke.DirectMethodHandle$Holder.invokeSpecial(java.lang.Object, java.lang.Object, java.lang.Object)'> (0x00000000a4e3fc08) 
thrown [t:\workspace\open\src\hotspot\share\interpreter\linkResolver.cpp, line 766]
Event: 6.848 Thread 0x00000230bb0a3de0 Exception <a 'java/lang/NoSuchMethodError'{0x00000000a4eb7a08}: 'java.lang.Object java.lang.invoke.DirectMethodHandle$Holder.invokeStatic(java.lang.Object, int, java.lang.Object)'> (0x00000000a4eb7a08) 
thrown [t:\workspace\open\src\hotspot\share\interpreter\linkResolver.cpp, line 766]

VM Operations (20 events):
Event: 1.753 Executing VM operation: G1CollectForAllocation
Event: 1.768 Executing VM operation: G1CollectForAllocation done
Event: 1.941 Executing VM operation: HandshakeAllThreads
Event: 1.941 Executing VM operation: HandshakeAllThreads done
Event: 2.071 Executing VM operation: HandshakeAllThreads
Event: 2.071 Executing VM operation: HandshakeAllThreads done
Event: 3.071 Executing VM operation: Cleanup
Event: 3.072 Executing VM operation: Cleanup done
Event: 3.201 Executing VM operation: G1CollectForAllocation
Event: 3.219 Executing VM operation: G1CollectForAllocation done
Event: 3.912 Executing VM operation: HandshakeAllThreads
Event: 3.912 Executing VM operation: HandshakeAllThreads done
Event: 3.913 Executing VM operation: HandshakeAllThreads
Event: 3.913 Executing VM operation: HandshakeAllThreads done
Event: 3.917 Executing VM operation: HandshakeAllThreads
Event: 3.917 Executing VM operation: HandshakeAllThreads done
Event: 4.916 Executing VM operation: Cleanup
Event: 4.924 Executing VM operation: Cleanup done
Event: 5.925 Executing VM operation: Cleanup
Event: 5.925 Executing VM operation: Cleanup done

Events (20 events):
Event: 6.845 loading class java/time/chrono/ChronoZonedDateTime
Event: 6.845 loading class java/time/chrono/ChronoZonedDateTime done
Event: 6.846 loading class java/time/ZonedDateTime done
Event: 6.847 loading class java/time/temporal/TemporalAdjusters
Event: 6.847 loading class java/time/temporal/TemporalAdjusters done
Event: 6.850 loading class java/time/zone/ZoneOffsetTransitionRule$1
Event: 6.850 loading class java/time/zone/ZoneOffsetTransitionRule$1 done
Event: 6.851 loading class java/util/logging/LogRecord$CallerFinder
Event: 6.851 loading class java/util/logging/LogRecord$CallerFinder done
Event: 6.852 loading class java/lang/StackWalker$Option
Event: 6.852 loading class java/lang/StackWalker$Option done
Event: 6.854 loading class java/lang/StackStreamFactory
Event: 6.854 loading class java/lang/StackStreamFactory done
Event: 6.855 loading class java/lang/StackWalker$ExtendedOption
Event: 6.855 loading class java/lang/StackWalker$ExtendedOption done
Event: 6.855 loading class java/lang/StackStreamFactory$StackFrameTraverser
Event: 6.855 loading class java/lang/StackStreamFactory$StackFrameTraverser done
Event: 6.855 loading class java/lang/StackStreamFactory$WalkerState
Event: 6.856 loading class java/lang/StackStreamFactory$WalkerState done
Event: 6.856 loading class java/lang/StackStreamFactory$1


Dynamic libraries:
0x00007ff630220000 - 0x00007ff630230000 	C:\Program Files\Java\jdk-17.0.2\bin\java.exe
0x00007ff927c00000 - 0x00007ff927df0000 	C:\WINDOWS\SYSTEM32\ntdll.dll
0x00007ff926880000 - 0x00007ff926932000 	C:\WINDOWS\System32\KERNEL32.DLL
0x00007ff9258e0000 - 0x00007ff925b85000 	C:\WINDOWS\System32\KERNELBASE.dll
0x00007ff924b70000 - 0x00007ff924c6a000 	C:\WINDOWS\System32\ucrtbase.dll
0x00007ff920d40000 - 0x00007ff920d58000 	C:\Program Files\Java\jdk-17.0.2\bin\jli.dll
0x00007ff927460000 - 0x00007ff927503000 	C:\WINDOWS\System32\ADVAPI32.dll
0x00007ff925f10000 - 0x00007ff925fae000 	C:\WINDOWS\System32\msvcrt.dll
0x00007ff9276f0000 - 0x00007ff927787000 	C:\WINDOWS\System32\sechost.dll
0x00007ff9269a0000 - 0x00007ff926ac0000 	C:\WINDOWS\System32\RPCRT4.dll
0x00007ff926cc0000 - 0x00007ff926e54000 	C:\WINDOWS\System32\USER32.dll
0x00007ff925c20000 - 0x00007ff925c41000 	C:\WINDOWS\System32\win32u.dll
0x00007ff927510000 - 0x00007ff927536000 	C:\WINDOWS\System32\GDI32.dll
0x00007ff924e60000 - 0x00007ff924ff6000 	C:\WINDOWS\System32\gdi32full.dll
0x00007ff924c70000 - 0x00007ff924d0e000 	C:\WINDOWS\System32\msvcp_win.dll
0x00007ff920d60000 - 0x00007ff920d7a000 	C:\Program Files\Java\jdk-17.0.2\bin\VCRUNTIME140.dll
0x00007ff91ace0000 - 0x00007ff91acea000 	C:\WINDOWS\SYSTEM32\VERSION.dll
0x00007ff91aa50000 - 0x00007ff91acd4000 	C:\WINDOWS\WinSxS\amd64_microsoft.windows.common-controls_6595b64144ccf1df_6.0.18362.1256_none_9e7e379be45e40e2\COMCTL32.dll
0x00007ff927790000 - 0x00007ff927ac6000 	C:\WINDOWS\System32\combase.dll
0x00007ff925b90000 - 0x00007ff925c11000 	C:\WINDOWS\System32\bcryptPrimitives.dll
0x00007ff926840000 - 0x00007ff92686e000 	C:\WINDOWS\System32\IMM32.DLL
0x00007ff921760000 - 0x00007ff92176c000 	C:\Program Files\Java\jdk-17.0.2\bin\vcruntime140_1.dll
0x00007ff920370000 - 0x00007ff9203fd000 	C:\Program Files\Java\jdk-17.0.2\bin\msvcp140.dll
0x00007ff8ffe70000 - 0x00007ff900a31000 	C:\Program Files\Java\jdk-17.0.2\bin\server\jvm.dll
0x00007ff927450000 - 0x00007ff927458000 	C:\WINDOWS\System32\PSAPI.DLL
0x00007ff921370000 - 0x00007ff921379000 	C:\WINDOWS\SYSTEM32\WSOCK32.dll
0x00007ff925cb0000 - 0x00007ff925d1f000 	C:\WINDOWS\System32\WS2_32.dll
0x00007ff922b80000 - 0x00007ff922ba4000 	C:\WINDOWS\SYSTEM32\WINMM.dll
0x00007ff921730000 - 0x00007ff92175d000 	C:\WINDOWS\SYSTEM32\WINMMBASE.dll
0x00007ff9257c0000 - 0x00007ff92580a000 	C:\WINDOWS\System32\cfgmgr32.dll
0x00007ff924b50000 - 0x00007ff924b61000 	C:\WINDOWS\System32\kernel.appcore.dll
0x00007ff9213f0000 - 0x00007ff9213fa000 	C:\Program Files\Java\jdk-17.0.2\bin\jimage.dll
0x00007ff911520000 - 0x00007ff911714000 	C:\WINDOWS\SYSTEM32\DBGHELP.DLL
0x00007ff910e60000 - 0x00007ff910e8a000 	C:\WINDOWS\SYSTEM32\dbgcore.DLL
0x00007ff920cc0000 - 0x00007ff920cce000 	C:\Program Files\Java\jdk-17.0.2\bin\instrument.dll
0x00007ff920cd0000 - 0x00007ff920cf5000 	C:\Program Files\Java\jdk-17.0.2\bin\java.dll
0x00007ff916650000 - 0x00007ff916726000 	C:\Program Files\Java\jdk-17.0.2\bin\jsvml.dll
0x00007ff926150000 - 0x00007ff926837000 	C:\WINDOWS\System32\SHELL32.dll
0x00007ff926e60000 - 0x00007ff926f09000 	C:\WINDOWS\System32\shcore.dll
0x00007ff925030000 - 0x00007ff9257b1000 	C:\WINDOWS\System32\windows.storage.dll
0x00007ff924ab0000 - 0x00007ff924ad3000 	C:\WINDOWS\System32\profapi.dll
0x00007ff924ae0000 - 0x00007ff924b2a000 	C:\WINDOWS\System32\powrprof.dll
0x00007ff924aa0000 - 0x00007ff924ab0000 	C:\WINDOWS\System32\UMPDC.dll
0x00007ff926c60000 - 0x00007ff926cb2000 	C:\WINDOWS\System32\shlwapi.dll
0x00007ff9258c0000 - 0x00007ff9258d7000 	C:\WINDOWS\System32\cryptsp.dll
0x00007ff91fe90000 - 0x00007ff91fea8000 	C:\Program Files\Java\jdk-17.0.2\bin\zip.dll
0x00007ff920350000 - 0x00007ff920369000 	C:\Program Files\Java\jdk-17.0.2\bin\net.dll
0x00007ff91ff70000 - 0x00007ff920060000 	C:\WINDOWS\SYSTEM32\WINHTTP.dll
0x00007ff924290000 - 0x00007ff9242f7000 	C:\WINDOWS\system32\mswsock.dll
0x00007ff91fef0000 - 0x00007ff91ff06000 	C:\Program Files\Java\jdk-17.0.2\bin\nio.dll
0x00007ff91d7a0000 - 0x00007ff91d7ba000 	C:\Program Files\JetBrains\IntelliJ IDEA Community Edition 2021.3.2\bin\breakgen64.dll
0x00007ff923fe0000 - 0x00007ff9240ab000 	C:\WINDOWS\SYSTEM32\DNSAPI.dll
0x00007ff925da0000 - 0x00007ff925da8000 	C:\WINDOWS\System32\NSI.dll
0x00007ff923fa0000 - 0x00007ff923fda000 	C:\WINDOWS\SYSTEM32\IPHLPAPI.DLL
0x00007ff917d70000 - 0x00007ff917d7a000 	C:\Windows\System32\rasadhlp.dll
0x00007ff91adc0000 - 0x00007ff91ae37000 	C:\WINDOWS\System32\fwpuclnt.dll
0x00007ff925000000 - 0x00007ff925026000 	C:\WINDOWS\System32\bcrypt.dll
0x00007ff91fee0000 - 0x00007ff91fef0000 	C:\Program Files\Java\jdk-17.0.2\bin\verify.dll
0x00007ff91fec0000 - 0x00007ff91fec9000 	C:\Program Files\Java\jdk-17.0.2\bin\management.dll
0x00007ff91fc50000 - 0x00007ff91fc5b000 	C:\Program Files\Java\jdk-17.0.2\bin\management_ext.dll
0x00007ff923e00000 - 0x00007ff923e33000 	C:\WINDOWS\system32\rsaenh.dll
0x00007ff9249c0000 - 0x00007ff9249e5000 	C:\WINDOWS\SYSTEM32\USERENV.dll
0x00007ff924460000 - 0x00007ff92446c000 	C:\WINDOWS\SYSTEM32\CRYPTBASE.dll
0x00007ff91c590000 - 0x00007ff91c5a6000 	C:\WINDOWS\SYSTEM32\dhcpcsvc6.DLL
0x00007ff91d9d0000 - 0x00007ff91d9ec000 	C:\WINDOWS\SYSTEM32\dhcpcsvc.DLL
0x00007ff91feb0000 - 0x00007ff91febe000 	C:\Program Files\Java\jdk-17.0.2\bin\sunmscapi.dll
0x00007ff924d10000 - 0x00007ff924e59000 	C:\WINDOWS\System32\CRYPT32.dll
0x00007ff924b30000 - 0x00007ff924b42000 	C:\WINDOWS\System32\MSASN1.dll
0x00007ff924560000 - 0x00007ff924586000 	C:\WINDOWS\SYSTEM32\ncrypt.dll
0x00007ff924520000 - 0x00007ff92455b000 	C:\WINDOWS\SYSTEM32\NTASN1.dll
0x00007ff91faf0000 - 0x00007ff91faf7000 	C:\WINDOWS\system32\wshunix.dll
0x00007ff90ee80000 - 0x00007ff90ee96000 	C:\WINDOWS\system32\napinsp.dll
0x00007ff90eee0000 - 0x00007ff90eefa000 	C:\WINDOWS\system32\pnrpnsp.dll
0x00007ff90f8f0000 - 0x00007ff90f8fe000 	C:\WINDOWS\System32\winrnr.dll
0x00007ff9213c0000 - 0x00007ff9213dc000 	C:\WINDOWS\system32\NLAapi.dll
0x00007ff91ff10000 - 0x00007ff91ff25000 	C:\WINDOWS\system32\wshbth.dll

dbghelp: loaded successfully - version: 4.0.5 - missing functions: none
symbol engine: initialized successfully - sym options: 0x614 - pdb path: .;C:\Program Files\Java\jdk-17.0.2\bin;C:\WINDOWS\SYSTEM32;C:\WINDOWS\WinSxS\amd64_microsoft.windows.common-controls_6595b64144ccf1df_6.0.18362.1256_none_9e7e379be45e40e2;C:\Program Files\Java\jdk-17.0.2\bin\server;C:\Program Files\JetBrains\IntelliJ IDEA Community Edition 2021.3.2\bin

VM Arguments:
jvm_args: -javaagent:C:\Program Files\JetBrains\IntelliJ IDEA Community Edition 2021.3.2\lib\idea_rt.jar=64692:C:\Program Files\JetBrains\IntelliJ IDEA Community Edition 2021.3.2\bin -Dfile.encoding=UTF-8 
java_command: betterproject.better
java_class_path (initial): C:\Users\Mihai\IdeaProjects\Betterprojects\out\production\Betterproject;C:\Program Files\Selenium\lib\async-http-client-2.12.3.jar;C:\Program Files\Selenium\lib\async-http-client-netty-utils-2.12.3.jar;C:\Program Files\Selenium\lib\auto-common-1.2.1.jar;C:\Program Files\Selenium\lib\auto-service-1.0.1.jar;C:\Program Files\Selenium\lib\auto-service-annotations-1.0.1.jar;C:\Program Files\Selenium\lib\byte-buddy-1.12.9.jar;C:\Program Files\Selenium\lib\checker-qual-3.12.0.jar;C:\Program Files\Selenium\lib\commons-exec-1.3.jar;C:\Program Files\Selenium\lib\error_prone_annotations-2.11.0.jar;C:\Program Files\Selenium\lib\failsafe-3.2.3.jar;C:\Program Files\Selenium\lib\failureaccess-1.0.1.jar;C:\Program Files\Selenium\lib\guava-31.1-jre.jar;C:\Program Files\Selenium\lib\j2objc-annotations-1.3.jar;C:\Program Files\Selenium\lib\jakarta.activation-1.2.2.jar;C:\Program Files\Selenium\lib\jcommander-1.82.jar;C:\Program Files\Selenium\lib\jsr305-3.0.2.jar;C:\Program Files\Selenium\lib\jtoml-2.0.0.jar;C:\Program Files\Selenium\lib\netty-buffer-4.1.76.Final.jar;C:\Program Files\Selenium\lib\netty-codec-4.1.76.Final.jar;C:\Program Files\Selenium\lib\netty-codec-http-4.1.76.Final.jar;C:\Program Files\Selenium\lib\netty-codec-socks-4.1.76.Final.jar;C:\Program Files\Selenium\lib\netty-common-4.1.76.Final.jar;C:\Program Files\Selenium\lib\netty-handler-4.1.76.Final.jar;C:\Program Files\Selenium\lib\netty-handler-proxy-4.1.76.Final.jar;C:\Program Files\Selenium\lib\netty-reactive-streams-2.0.4.jar;C:\Program Files\Selenium\lib\netty-resolver-4.1.76.Final.jar;C:\Program Files\Selenium\lib\netty-transport-4.1.76.Final.jar;C:\Program Files\Selenium\lib\netty-transport-classes-epoll-4.1.76.Final.jar;C:\Program Files\Selenium\lib\netty-transport-classes-kqueue-4.1.76.Final.jar;C:\Program Files\Selenium\lib\netty-transport-native-epoll-4.1.76.Final.jar;C:\Program Files\Selenium\lib\netty-transport-native-unix-common-4.1.76.Final.jar;C:\Program Files\Selenium\lib
Launcher Type: SUN_STANDARD

[Global flags]
     intx CICompilerCount                          = 3                                         {product} {ergonomic}
     uint ConcGCThreads                            = 1                                         {product} {ergonomic}
     uint G1ConcRefinementThreads                  = 4                                         {product} {ergonomic}
   size_t G1HeapRegionSize                         = 1048576                                   {product} {ergonomic}
    uintx GCDrainStackTargetSize                   = 64                                        {product} {ergonomic}
   size_t InitialHeapSize                          = 100663296                                 {product} {ergonomic}
   size_t MarkStackSize                            = 4194304                                   {product} {ergonomic}
   size_t MaxHeapSize                              = 1606418432                                {product} {ergonomic}
   size_t MaxNewSize                               = 963641344                                 {product} {ergonomic}
   size_t MinHeapDeltaBytes                        = 1048576                                   {product} {ergonomic}
   size_t MinHeapSize                              = 8388608                                   {product} {ergonomic}
    uintx NonNMethodCodeHeapSize                   = 5832780                                {pd product} {ergonomic}
    uintx NonProfiledCodeHeapSize                  = 122912730                              {pd product} {ergonomic}
    uintx ProfiledCodeHeapSize                     = 122912730                              {pd product} {ergonomic}
    uintx ReservedCodeCacheSize                    = 251658240                              {pd product} {ergonomic}
     bool SegmentedCodeCache                       = true                                      {product} {ergonomic}
   size_t SoftMaxHeapSize                          = 1606418432                             {manageable} {ergonomic}
     bool UseCompressedClassPointers               = true                           {product lp64_product} {ergonomic}
     bool UseCompressedOops                        = true                           {product lp64_product} {ergonomic}
     bool UseG1GC                                  = true                                      {product} {ergonomic}
     bool UseLargePagesIndividualAllocation        = false                                  {pd product} {ergonomic}

Logging:
Log output configuration:
 #0: stdout all=warning uptime,level,tags
 #1: stderr all=off uptime,level,tags

Environment Variables:
PATH=C:\Program Files\Common Files\Oracle\Java\javapath;C:\Program Files\Common Files\Oracle\Java\javapath\bin;C:\WINDOWS\system32;C:\WINDOWS;C:\WINDOWS\System32\Wbem;C:\WINDOWS\System32\WindowsPowerShell\v1.0\;C:\WINDOWS\System32\OpenSSH\;C:\Program Files\SafeNet\Authentication\SAC\x64;C:\Program Files\SafeNet\Authentication\SAC\x32;C:\Program Files\Java\jdk-17.0.2\bin;C:\Program Files\nodejs\;C:\Program Files\Git\cmd;C:\Users\Mihai\AppData\Local\Microsoft\WindowsApps;;C:\Users\Mihai\AppData\Local\Programs\Microsoft VS Code\bin;C:\Users\Mihai\AppData\Roaming\npm
USERNAME=Mihai
OS=Windows_NT
PROCESSOR_IDENTIFIER=Intel64 Family 6 Model 42 Stepping 7, GenuineIntel



---------------  S Y S T E M  ---------------

OS:
 Windows 10 , 64 bit Build 18362 (10.0.18362.1110)
OS uptime: 0 days 0:31 hours

CPU: total 4 (initial active 4) (2 cores per cpu, 2 threads per core) family 6 model 42 stepping 7 microcode 0x2f, cx8, cmov, fxsr, ht, mmx, sse, sse2, sse3, ssse3, sse4.1, sse4.2, popcnt, tsc, tscinvbit, avx, clmul, vzeroupper, clflush

Memory: 4k page, system-wide physical 6121M (793M free)
TotalPageFile size 6121M (AvailPageFile size 3M)
current process WorkingSet (physical memory assigned to process): 100M, peak: 100M
current process commit charge ("private bytes"): 202M, peak: 205M

vm_info: Java HotSpot(TM) 64-Bit Server VM (17.0.2+8-LTS-86) for windows-amd64 JRE (17.0.2+8-LTS-86), built on Dec  7 2021 21:51:03 by "mach5one" with MS VC++ 16.8 / 16.9 (VS2019)

END.
